<?xml version="1.0" encoding="UTF-8"?>
<testsuite name="FileServerTest" tests="1" skipped="0" failures="0" errors="0" timestamp="2022-01-15T15:03:13" hostname="DESKTOP-2A3G47J" time="25.875">
  <properties/>
  <testcase name="start" classname="FileServerTest" time="25.875"/>
  <system-out><![CDATA[?[1;31m
Start test 1?[0m
Server started!
Enter action (1 - get a file, 2 - save the file, 3 - delete the file): > exit
The request was sent.
Socket closed
?[1;31m
Start test 2?[0m
?[1;31m
Start test 3?[0m
Server started!
Enter action (1 - get a file, 2 - save the file, 3 - delete the file): > 2
Enter name of the file: > test_purpose_test1.txt
Enter name of the file to be saved on server: > 
The request was sent.
Response says that file is saved! ID = 1
Enter action (1 - get a file, 2 - save the file, 3 - delete the file): > 2
Enter name of the file: > test_purpose_test2.txt
Enter name of the file to be saved on server: > test_purpose_newFile.txt
The request was sent.
Response says that file is saved! ID = 2
Enter action (1 - get a file, 2 - save the file, 3 - delete the file): > 1
Do you want to get the file by name or by id (1 - name, 2 - id): > 1
Enter filename: > test_purpose_notExist.txt
The request was sent.
The response says that this file is not found!
Enter action (1 - get a file, 2 - save the file, 3 - delete the file): > 1
Do you want to get the file by name or by id (1 - name, 2 - id): > 2
Enter id: > 1511
The request was sent.
The response says that this file is not found!
Enter action (1 - get a file, 2 - save the file, 3 - delete the file): > 1
Do you want to get the file by name or by id (1 - name, 2 - id): > 1
Enter filename: > test_purpose_newFile.txt
The request was sent.
The file was downloaded! Specify a name for it: > test_purpose_get.txt
File saved on the hard drive!
Enter action (1 - get a file, 2 - save the file, 3 - delete the file): > 1
Do you want to get the file by name or by id (1 - name, 2 - id): > 2
Enter id: > 1
The request was sent.
The file was downloaded! Specify a name for it: > test_purpose_get_id.txt
File saved on the hard drive!
Enter action (1 - get a file, 2 - save the file, 3 - delete the file): > exit
The request was sent.
Socket closed
?[1;31m
Start test 4?[0m
Server started!
Enter action (1 - get a file, 2 - save the file, 3 - delete the file): > 1
Do you want to get the file by name or by id (1 - name, 2 - id): > 1
Enter filename: > test_purpose_newFile.txt
The request was sent.
The file was downloaded! Specify a name for it: > test_purpose_get_after_restart.txt
File saved on the hard drive!
Enter action (1 - get a file, 2 - save the file, 3 - delete the file): > 1
Do you want to get the file by name or by id (1 - name, 2 - id): > 2
Enter id: > 1
The request was sent.
The file was downloaded! Specify a name for it: > test_purpose_get_by_id_after_restart.txt
File saved on the hard drive!
Enter action (1 - get a file, 2 - save the file, 3 - delete the file): > exit
The request was sent.
Socket closed
?[1;31m
Start test 5?[0m
Server started!
Enter action (1 - get a file, 2 - save the file, 3 - delete the file): > 3
Do you want to delete the file by name or by id (1 - name, 2 - id): > 1
Enter filename: > test_purpose_newFile.txt
The request was sent.
The response says that the file was successfully deleted!
Enter action (1 - get a file, 2 - save the file, 3 - delete the file): > 3
Do you want to delete the file by name or by id (1 - name, 2 - id): > 2
Enter id: > 1
The request was sent.
The response says that the file was successfully deleted!
Enter action (1 - get a file, 2 - save the file, 3 - delete the file): > exit
The request was sent.
Socket closed
]]></system-out>
  <system-err><![CDATA[]]></system-err>
</testsuite>
